<?xml version="1.0" encoding="UTF-8"?>
<testng-results ignored="0" total="1" passed="1" failed="0" skipped="0">
  <reporter-output>
  </reporter-output>
  <suite started-at="2024-07-16T18:19:13 IST" name="Default suite" finished-at="2024-07-16T18:19:17 IST" duration-ms="4767">
    <groups>
    </groups>
    <test started-at="2024-07-16T18:19:13 IST" name="Default test" finished-at="2024-07-16T18:19:17 IST" duration-ms="4767">
      <class name="testLayer.LoginPageTest">
        <test-method is-config="true" signature="set()[pri:0, instance:testLayer.LoginPageTest@59309333]" started-at="2024-07-16T18:19:12 IST" name="set" finished-at="2024-07-16T18:19:13 IST" duration-ms="566" status="PASS">
          <reporter-output>
          </reporter-output>
        </test-method> <!-- set -->
        <test-method is-config="true" signature="reportview()[pri:0, instance:testLayer.LoginPageTest@59309333]" started-at="2024-07-16T18:19:13 IST" name="reportview" finished-at="2024-07-16T18:19:13 IST" duration-ms="156" status="PASS">
          <reporter-output>
          </reporter-output>
        </test-method> <!-- reportview -->
        <test-method is-config="true" signature="setup()[pri:0, instance:testLayer.LoginPageTest@59309333]" started-at="2024-07-16T18:19:13 IST" name="setup" finished-at="2024-07-16T18:19:16 IST" duration-ms="2936" status="PASS">
          <reporter-output>
          </reporter-output>
        </test-method> <!-- setup -->
        <test-method signature="logintest()[pri:0, instance:testLayer.LoginPageTest@59309333]" started-at="2024-07-16T18:19:16 IST" name="logintest" finished-at="2024-07-16T18:19:17 IST" duration-ms="1651" status="PASS">
          <reporter-output>
          </reporter-output>
        </test-method> <!-- logintest -->
        <test-method is-config="true" signature="quit()[pri:0, instance:testLayer.LoginPageTest@59309333]" started-at="2024-07-16T18:19:17 IST" name="quit" finished-at="2024-07-16T18:19:18 IST" duration-ms="224" status="PASS">
          <reporter-output>
          </reporter-output>
        </test-method> <!-- quit -->
      </class> <!-- testLayer.LoginPageTest -->
    </test> <!-- Default test -->
  </suite> <!-- Default suite -->
</testng-results>
